=== Log started at 2025-03-28_08-46-14 ===
=== train unsampled mix tabsyn mix minority ===

Trainiert ein Modell auf den ungesampelten Daten, die mit den TabSyn Daten erweitert wurden.
es werden alle gesampelten Zeilen hinzugefügt + zusätzlich minority samples


X shape: (65788, 287)
              precision    recall  f1-score   support

           0       0.74      0.80      0.77        71
           1       0.00      0.00      0.00         7
           2       0.00      0.00      0.00        34
           3       0.97      0.99      0.98      1984
           4       1.00      1.00      1.00      5210

    accuracy                           0.99      7306
   macro avg       0.54      0.56      0.55      7306
weighted avg       0.98      0.99      0.99      7306

acc:  0.9895975910210786 

Confusion Matrix:
Predicted   0  2     3     4
Actual                      
0          57  0    14     0
1           0  0     7     0
2           0  0    34     0
3          20  1  1963     0
4           0  0     0  5210
