=== Log started at 2025-03-26_10-35-20 ===
=== 
train completely sampled by tabsyn
===

X shape: (31556, 287)
              precision    recall  f1-score   support

           0       0.00      0.00      0.00        71
           1       0.00      0.00      0.00         7
           2       0.00      0.00      0.00        34
           3       0.95      0.97      0.96      1984
           4       1.00      1.00      1.00      5210

    accuracy                           0.98      7306
   macro avg       0.39      0.39      0.39      7306
weighted avg       0.97      0.98      0.97      7306

acc:  0.9771420750068437 

Confusion Matrix:
Predicted   0  2     3     4
Actual                      
0           0  0    71     0
1           1  0     6     0
2           1  0    33     0
3          53  2  1929     0
4           0  0     0  5210
