=== Log started at 2025-04-04_09-20-12 ===
=== original + cgan synthetisch + tabsyn synthetisch ===

X shape: (94668, 287)
              precision    recall  f1-score   support

           0       0.71      0.75      0.73        71
           1       0.00      0.00      0.00         7
           2       0.00      0.00      0.00        34
           3       0.96      0.99      0.98      1984
           4       1.00      1.00      1.00      5210

    accuracy                           0.99      7306
   macro avg       0.53      0.55      0.54      7306
weighted avg       0.98      0.99      0.98      7306

acc:  0.9865863673692855 

Confusion Matrix:
Predicted   0     3     4
Actual                   
0          53    18     0
1           0     7     0
2           0    34     0
3          19  1962     3
4           3    14  5193
