=== Log started at 2025-03-11_12-41-53 ===
=== with sampled data ===

              precision    recall  f1-score   support

           0       0.79      0.86      0.82        71
           1       0.00      0.00      0.00         7
           2       0.13      0.18      0.15        34
           3       0.98      0.97      0.97      1984
           4       1.00      1.00      1.00      5210

    accuracy                           0.99      7306
   macro avg       0.58      0.60      0.59      7306
weighted avg       0.99      0.99      0.99      7306

0.9863126197645771
Confusion Matrix:
Predicted   0   2     3     4
Actual                       
0          61   0    10     0
1           0   0     7     0
2           0   6    28     0
3          16  39  1929     0
4           0   0     0  5210
