=== Log started at 2025-03-11_12-31-58 ===
=== Classification Model Evaluation ===

              precision    recall  f1-score   support

           0       0.92      0.79      0.85        71
           1       0.00      0.00      0.00         7
           2       0.50      0.03      0.06        34
           3       0.97      1.00      0.98      1984
           4       1.00      1.00      1.00      5210

    accuracy                           0.99      7306
   macro avg       0.68      0.56      0.58      7306
weighted avg       0.99      0.99      0.99      7306

0.991650698056392
Confusion Matrix:
Predicted   0  2     3     4
Actual                      
0          56  0    15     0
1           0  0     7     0
2           0  1    33     0
3           5  1  1978     0
4           0  0     0  5210
