=== Log started at 2025-04-04_09-22-07 ===
=== original + cgan synthetisch + 2 tabsyn synthetisch ===

X shape: (126224, 287)
              precision    recall  f1-score   support

           0       0.72      0.80      0.76        71
           1       0.00      0.00      0.00         7
           2       0.00      0.00      0.00        34
           3       0.97      0.99      0.98      1984
           4       1.00      1.00      1.00      5210

    accuracy                           0.99      7306
   macro avg       0.54      0.56      0.55      7306
weighted avg       0.98      0.99      0.98      7306

acc:  0.9875444839857651 

Confusion Matrix:
Predicted   0     3     4
Actual                   
0          57    14     0
1           0     7     0
2           0    34     0
3          19  1962     3
4           3    11  5196
