=== Log started at 2025-03-26_11-37-32 ===
=== train unsampled mix tabsyn  ===
= 
Trainiert ein Modell auf den ungesampelten Daten, die mit den TabSyn Daten erweitert wurden.
es werden nur zeilen mit impact 0,1,2 hinzugefügt
 =

X shape: (31556, 287)
              precision    recall  f1-score   support

           0       0.76      0.80      0.78        71
           1       0.00      0.00      0.00         7
           2       0.00      0.00      0.00        34
           3       0.97      0.99      0.98      1984
           4       1.00      1.00      1.00      5210

    accuracy                           0.99      7306
   macro avg       0.55      0.56      0.55      7306
weighted avg       0.98      0.99      0.99      7306

acc:  0.9895975910210786 

Confusion Matrix:
Predicted   0  2     3     4
Actual                      
0          57  0    14     0
1           0  0     7     0
2           0  0    34     0
3          18  3  1963     0
4           0  0     0  5210
