=== Log started at 2025-03-12_11-43-07 ===
=== 
sampled with std smote & scaled before sampling
 ===

X shape: (112533, 5287)
              precision    recall  f1-score   support

           0       0.63      0.83      0.72        71
           1       0.00      0.00      0.00         7
           2       0.09      0.79      0.16        34
           3       0.99      0.85      0.92      1984
           4       1.00      1.00      1.00      5210

    accuracy                           0.96      7306
   macro avg       0.54      0.70      0.56      7306
weighted avg       0.99      0.96      0.97      7306

acc:  0.9560635094442924 

Confusion Matrix:
Predicted   0  1    2     3     4
Actual                           
0          59  0    9     3     0
1           0  0    4     3     0
2           0  0   27     7     0
3          34  4  257  1689     0
4           0  0    0     0  5210
