=== Log started at 2025-03-28_08-51-47 ===
=== train tabsyn + minority ===

Trainiert ein Modell auf den gesampelten TabSyn Daten.
es werden zusätzlich minority samples hinzugefügt


X shape: (34232, 287)
              precision    recall  f1-score   support

           0       0.01      0.03      0.01        71
           1       0.00      0.00      0.00         7
           2       0.00      0.00      0.00        34
           3       0.94      0.85      0.89      1984
           4       1.00      1.00      1.00      5210

    accuracy                           0.94      7306
   macro avg       0.39      0.37      0.38      7306
weighted avg       0.97      0.94      0.96      7306

acc:  0.9429236244182864 

Confusion Matrix:
Predicted    0   1   2     3     4
Actual                            
0            2   0   0    69     0
1            1   0   0     6     0
2            3   0   0    31     0
3          264  16  27  1677     0
4            0   0   0     0  5210
