=== Log started at 2025-04-10_12-26-46 ===
=== original + cgan synthetisch 0.95 + 2 mal tabsyn ===

X shape: (126224, 287)
              precision    recall  f1-score   support

           0       0.75      0.80      0.78        71
           1       0.00      0.00      0.00         7
           2       0.00      0.00      0.00        34
           3       0.97      0.99      0.98      1984
           4       1.00      1.00      1.00      5210

    accuracy                           0.99      7306
   macro avg       0.54      0.56      0.55      7306
weighted avg       0.98      0.99      0.99      7306

acc:  0.9895975910210786 

Confusion Matrix:
Predicted   0  2     3     4
Actual                      
0          57  0    14     0
1           0  0     7     0
2           0  0    34     0
3          19  1  1964     0
4           0  0     1  5209
