=== Log started at 2025-04-04_09-13-32 ===
=== nur cgan synthetisch ===

X shape: (31556, 287)
              precision    recall  f1-score   support

           0       0.00      0.00      0.00        71
           1       0.00      0.00      0.00         7
           2       0.00      0.00      0.00        34
           3       0.27      1.00      0.43      1984
           4       0.71      0.00      0.01      5210

    accuracy                           0.27      7306
   macro avg       0.20      0.20      0.09      7306
weighted avg       0.58      0.27      0.12      7306

acc:  0.2733369833013961 

Confusion Matrix:
Predicted     3   4
Actual             
0            71   0
1             7   0
2            34   0
3          1975   9
4          5188  22
